<?xml version="1.0" encoding="UTF-8"?>
<!-- Generated by org.testng.reporters.JUnitXMLReporter -->
<testsuite hostname="WIN-0IQ12IEBH08" ignored="0" name="Surefire test" tests="6" failures="0" timestamp="21 мар 2021 04:57:58 GMT" time="118.185" errors="0">
  <testcase name="checkCommitmentTerm" time="0.03" classname="test.ManagementTest"/>
  <testcase name="checkInstanceType" time="0.03" classname="test.ManagementTest"/>
  <testcase name="checkRegion" time="0.032" classname="test.ManagementTest"/>
  <testcase name="checkVMClass" time="0.036" classname="test.ManagementTest"/>
  <testcase name="canChooseInSearchList" time="13.86" classname="test.SearchManagementTest"/>
  <testcase name="canSearch" time="9.027" classname="test.SearchManagementTest"/>
</testsuite> <!-- Surefire test -->
